18:42:59.267 Api Request Received: messageType:GetStepValueRequest messageId:4 stepValueRequest:<stepText:"Open the Gauge homepage" > 
18:42:59.268 Sending API response: messageType:GetStepValueResponse messageId:4 stepValueResponse:<stepValue:<stepValue:"Open the Gauge homepage" parameterizedStepValue:"Open the Gauge homepage" > > 
18:42:59.274 Api Request Received: messageType:GetStepValueRequest messageId:4 stepValueRequest:<stepText:"Go to Gauge Get Started Page" > 
18:42:59.274 Sending API response: messageType:GetStepValueResponse messageId:4 stepValueResponse:<stepValue:<stepValue:"Go to Gauge Get Started Page" parameterizedStepValue:"Go to Gauge Get Started Page" > > 
18:42:59.274 Api Request Received: messageType:GetStepValueRequest messageId:4 stepValueRequest:<stepText:"Ensure installation instructions are available" > 
18:42:59.275 Sending API response: messageType:GetStepValueResponse messageId:4 stepValueResponse:<stepValue:<stepValue:"Ensure installation instructions are available" parameterizedStepValue:"Ensure installation instructions are available" > > 
18:54:18.435 Api Request Received: messageType:GetStepValueRequest messageId:4 stepValueRequest:<stepText:"Open the Gauge homepage" > 
18:54:18.436 Sending API response: messageType:GetStepValueResponse messageId:4 stepValueResponse:<stepValue:<stepValue:"Open the Gauge homepage" parameterizedStepValue:"Open the Gauge homepage" > > 
18:54:18.442 Api Request Received: messageType:GetStepValueRequest messageId:4 stepValueRequest:<stepText:"Go to Gauge Get Started Page" > 
18:54:18.442 Sending API response: messageType:GetStepValueResponse messageId:4 stepValueResponse:<stepValue:<stepValue:"Go to Gauge Get Started Page" parameterizedStepValue:"Go to Gauge Get Started Page" > > 
18:54:18.443 Api Request Received: messageType:GetStepValueRequest messageId:4 stepValueRequest:<stepText:"Ensure installation instructions are available" > 
18:54:18.443 Sending API response: messageType:GetStepValueResponse messageId:4 stepValueResponse:<stepValue:<stepValue:"Ensure installation instructions are available" parameterizedStepValue:"Ensure installation instructions are available" > > 
19:07:33.334 Api Request Received: messageType:GetStepValueRequest messageId:4 stepValueRequest:<stepText:"Go to Login Page" > 
19:07:33.334 Sending API response: messageType:GetStepValueResponse messageId:4 stepValueResponse:<stepValue:<stepValue:"Go to Login Page" parameterizedStepValue:"Go to Login Page" > > 
19:07:33.340 Api Request Received: messageType:GetStepValueRequest messageId:4 stepValueRequest:<stepText:"Open the Gauge homepage" > 
19:07:33.340 Sending API response: messageType:GetStepValueResponse messageId:4 stepValueResponse:<stepValue:<stepValue:"Open the Gauge homepage" parameterizedStepValue:"Open the Gauge homepage" > > 
19:07:33.340 Api Request Received: messageType:GetStepValueRequest messageId:4 stepValueRequest:<stepText:"Go to Gauge Get Started Page" > 
19:07:33.340 Sending API response: messageType:GetStepValueResponse messageId:4 stepValueResponse:<stepValue:<stepValue:"Go to Gauge Get Started Page" parameterizedStepValue:"Go to Gauge Get Started Page" > > 
19:07:33.341 Api Request Received: messageType:GetStepValueRequest messageId:4 stepValueRequest:<stepText:"Ensure installation instructions are available" > 
19:07:33.341 Sending API response: messageType:GetStepValueResponse messageId:4 stepValueResponse:<stepValue:<stepValue:"Ensure installation instructions are available" parameterizedStepValue:"Ensure installation instructions are available" > > 
19:08:47.104 Api Request Received: messageType:GetStepValueRequest messageId:4 stepValueRequest:<stepText:"Go to Login Page" > 
19:08:47.104 Sending API response: messageType:GetStepValueResponse messageId:4 stepValueResponse:<stepValue:<stepValue:"Go to Login Page" parameterizedStepValue:"Go to Login Page" > > 
19:08:47.110 Api Request Received: messageType:GetStepValueRequest messageId:4 stepValueRequest:<stepText:"Open the Gauge homepage" > 
19:08:47.110 Sending API response: messageType:GetStepValueResponse messageId:4 stepValueResponse:<stepValue:<stepValue:"Open the Gauge homepage" parameterizedStepValue:"Open the Gauge homepage" > > 
19:08:47.110 Api Request Received: messageType:GetStepValueRequest messageId:4 stepValueRequest:<stepText:"Go to Gauge Get Started Page" > 
19:08:47.110 Sending API response: messageType:GetStepValueResponse messageId:4 stepValueResponse:<stepValue:<stepValue:"Go to Gauge Get Started Page" parameterizedStepValue:"Go to Gauge Get Started Page" > > 
19:08:47.110 Api Request Received: messageType:GetStepValueRequest messageId:4 stepValueRequest:<stepText:"Ensure installation instructions are available" > 
19:08:47.110 Sending API response: messageType:GetStepValueResponse messageId:4 stepValueResponse:<stepValue:<stepValue:"Ensure installation instructions are available" parameterizedStepValue:"Ensure installation instructions are available" > > 
19:11:00.773 Api Request Received: messageType:GetStepValueRequest messageId:4 stepValueRequest:<stepText:"Go to Login Page" > 
19:11:00.774 Sending API response: messageType:GetStepValueResponse messageId:4 stepValueResponse:<stepValue:<stepValue:"Go to Login Page" parameterizedStepValue:"Go to Login Page" > > 
19:11:00.780 Api Request Received: messageType:GetStepValueRequest messageId:4 stepValueRequest:<stepText:"Open the Gauge homepage" > 
19:11:00.780 Sending API response: messageType:GetStepValueResponse messageId:4 stepValueResponse:<stepValue:<stepValue:"Open the Gauge homepage" parameterizedStepValue:"Open the Gauge homepage" > > 
19:11:00.781 Api Request Received: messageType:GetStepValueRequest messageId:4 stepValueRequest:<stepText:"Go to Gauge Get Started Page" > 
19:11:00.781 Sending API response: messageType:GetStepValueResponse messageId:4 stepValueResponse:<stepValue:<stepValue:"Go to Gauge Get Started Page" parameterizedStepValue:"Go to Gauge Get Started Page" > > 
19:11:00.781 Api Request Received: messageType:GetStepValueRequest messageId:4 stepValueRequest:<stepText:"Ensure installation instructions are available" > 
19:11:00.781 Sending API response: messageType:GetStepValueResponse messageId:4 stepValueResponse:<stepValue:<stepValue:"Ensure installation instructions are available" parameterizedStepValue:"Ensure installation instructions are available" > > 
19:12:55.473 Api Request Received: messageType:GetStepValueRequest messageId:4 stepValueRequest:<stepText:"Go to Login Page" > 
19:12:55.474 Sending API response: messageType:GetStepValueResponse messageId:4 stepValueResponse:<stepValue:<stepValue:"Go to Login Page" parameterizedStepValue:"Go to Login Page" > > 
19:12:55.479 Api Request Received: messageType:GetStepValueRequest messageId:4 stepValueRequest:<stepText:"Open the Gauge homepage" > 
19:12:55.480 Sending API response: messageType:GetStepValueResponse messageId:4 stepValueResponse:<stepValue:<stepValue:"Open the Gauge homepage" parameterizedStepValue:"Open the Gauge homepage" > > 
19:12:55.480 Api Request Received: messageType:GetStepValueRequest messageId:4 stepValueRequest:<stepText:"Go to Gauge Get Started Page" > 
19:12:55.480 Sending API response: messageType:GetStepValueResponse messageId:4 stepValueResponse:<stepValue:<stepValue:"Go to Gauge Get Started Page" parameterizedStepValue:"Go to Gauge Get Started Page" > > 
19:12:55.480 Api Request Received: messageType:GetStepValueRequest messageId:4 stepValueRequest:<stepText:"Ensure installation instructions are available" > 
19:12:55.480 Sending API response: messageType:GetStepValueResponse messageId:4 stepValueResponse:<stepValue:<stepValue:"Ensure installation instructions are available" parameterizedStepValue:"Ensure installation instructions are available" > > 
19:14:21.949 Api Request Received: messageType:GetStepValueRequest messageId:4 stepValueRequest:<stepText:"Go to Login Page" > 
19:14:21.950 Sending API response: messageType:GetStepValueResponse messageId:4 stepValueResponse:<stepValue:<stepValue:"Go to Login Page" parameterizedStepValue:"Go to Login Page" > > 
19:14:21.955 Api Request Received: messageType:GetStepValueRequest messageId:4 stepValueRequest:<stepText:"Open the Gauge homepage" > 
19:14:21.955 Sending API response: messageType:GetStepValueResponse messageId:4 stepValueResponse:<stepValue:<stepValue:"Open the Gauge homepage" parameterizedStepValue:"Open the Gauge homepage" > > 
19:14:21.956 Api Request Received: messageType:GetStepValueRequest messageId:4 stepValueRequest:<stepText:"Go to Gauge Get Started Page" > 
19:14:21.956 Sending API response: messageType:GetStepValueResponse messageId:4 stepValueResponse:<stepValue:<stepValue:"Go to Gauge Get Started Page" parameterizedStepValue:"Go to Gauge Get Started Page" > > 
19:14:21.956 Api Request Received: messageType:GetStepValueRequest messageId:4 stepValueRequest:<stepText:"Ensure installation instructions are available" > 
19:14:21.956 Sending API response: messageType:GetStepValueResponse messageId:4 stepValueResponse:<stepValue:<stepValue:"Ensure installation instructions are available" parameterizedStepValue:"Ensure installation instructions are available" > > 
